# JRE version: OpenJDK Runtime Environment (11.0.2+9) (build 11.0.2+9)
# Java VM: OpenJDK 64-Bit Server VM (11.0.2+9, mixed mode, tiered, compressed oops, g1 gc, windows-amd64)
Heap:
 garbage-first heap   total 315392K, used 125578K [0x0000000740000000, 0x0000000800000000)
  region size 1024K, 7 young (7168K), 0 survivors (0K)
 Metaspace       used 108803K, capacity 111672K, committed 111900K, reserved 1144832K
  class space    used 14529K, capacity 15796K, committed 15900K, reserved 1048576K
GC Heap History (10 events):
Event: 1163.263 GC heap before
{Heap before GC invocations=346 (full 74):
 garbage-first heap   total 315392K, used 183429K [0x0000000740000000, 0x0000000800000000)
  region size 1024K, 60 young (61440K), 1 survivors (1024K)
 Metaspace       used 108789K, capacity 111608K, committed 111900K, reserved 1144832K
  class space    used 14529K, capacity 15796K, committed 15900K, reserved 1048576K
}
Event: 1163.267 GC heap after
{Heap after GC invocations=347 (full 74):
 garbage-first heap   total 315392K, used 122898K [0x0000000740000000, 0x0000000800000000)
  region size 1024K, 1 young (1024K), 1 survivors (1024K)
 Metaspace       used 108789K, capacity 111608K, committed 111900K, reserved 1144832K
  class space    used 14529K, capacity 15796K, committed 15900K, reserved 1048576K
}
Event: 1165.696 GC heap before
{Heap before GC invocations=347 (full 74):
 garbage-first heap   total 315392K, used 183314K [0x0000000740000000, 0x0000000800000000)
  region size 1024K, 60 young (61440K), 1 survivors (1024K)
 Metaspace       used 108795K, capacity 111608K, committed 111900K, reserved 1144832K
  class space    used 14529K, capacity 15796K, committed 15900K, reserved 1048576K
}
Event: 1165.700 GC heap after
{Heap after GC invocations=348 (full 74):
 garbage-first heap   total 315392K, used 123180K [0x0000000740000000, 0x0000000800000000)
  region size 1024K, 1 young (1024K), 1 survivors (1024K)
 Metaspace       used 108795K, capacity 111608K, committed 111900K, reserved 1144832K
  class space    used 14529K, capacity 15796K, committed 15900K, reserved 1048576K
}
Event: 1168.293 GC heap before
{Heap before GC invocations=348 (full 74):
 garbage-first heap   total 315392K, used 193836K [0x0000000740000000, 0x0000000800000000)
  region size 1024K, 60 young (61440K), 1 survivors (1024K)
 Metaspace       used 108802K, capacity 111672K, committed 111900K, reserved 1144832K
  class space    used 14529K, capacity 15796K, committed 15900K, reserved 1048576K
}
Event: 1168.297 GC heap after
{Heap after GC invocations=349 (full 74):
 garbage-first heap   total 315392K, used 133475K [0x0000000740000000, 0x0000000800000000)
  region size 1024K, 2 young (2048K), 2 survivors (2048K)
 Metaspace       used 108802K, capacity 111672K, committed 111900K, reserved 1144832K
  class space    used 14529K, capacity 15796K, committed 15900K, reserved 1048576K
}
Event: 1169.143 GC heap before
{Heap before GC invocations=349 (full 74):
 garbage-first heap   total 315392K, used 166243K [0x0000000740000000, 0x0000000800000000)
  region size 1024K, 35 young (35840K), 2 survivors (2048K)
 Metaspace       used 108802K, capacity 111672K, committed 111900K, reserved 1144832K
  class space    used 14529K, capacity 15796K, committed 15900K, reserved 1048576K
}
Event: 1169.146 GC heap after
{Heap after GC invocations=350 (full 74):
 garbage-first heap   total 315392K, used 125207K [0x0000000740000000, 0x0000000800000000)
  region size 1024K, 1 young (1024K), 1 survivors (1024K)
 Metaspace       used 108802K, capacity 111672K, committed 111900K, reserved 1144832K
  class space    used 14529K, capacity 15796K, committed 15900K, reserved 1048576K
}
Event: 1169.534 GC heap before
{Heap before GC invocations=350 (full 74):
 garbage-first heap   total 315392K, used 130327K [0x0000000740000000, 0x0000000800000000)
  region size 1024K, 7 young (7168K), 1 survivors (1024K)
 Metaspace       used 108802K, capacity 111672K, committed 111900K, reserved 1144832K
  class space    used 14529K, capacity 15796K, committed 15900K, reserved 1048576K
}
Event: 1169.673 GC heap after
{Heap after GC invocations=351 (full 75):
 garbage-first heap   total 315392K, used 119434K [0x0000000740000000, 0x0000000800000000)
  region size 1024K, 0 young (0K), 0 survivors (0K)
 Metaspace       used 108802K, capacity 111672K, committed 111900K, reserved 1144832K
  class space    used 14529K, capacity 15796K, committed 15900K, reserved 1048576K
}

